<?xml version="1.0" encoding="UTF-8"?>
<!-- Generated by org.testng.reporters.JUnitReportReporter -->
<testsuite hostname="sabari" failures="0" tests="1" name="com.ecommerceDomain.Scripts.TestCase2" time="0.000" errors="0" timestamp="2022-08-22T19:36:26 IST" skipped="1">
  <testcase classname="com.ecommerceDomain.Scripts.TestCase2" name="testcase2" time="0.000">
    <skipped/>
  </testcase> <!-- testcase2 -->
  <system-out/>
</testsuite> <!-- com.ecommerceDomain.Scripts.TestCase2 -->
