<?xml version="1.0" encoding="UTF-8"?>
<!-- Generated by org.testng.reporters.JUnitReportReporter -->
<testsuite hostname="sabari" failures="0" tests="1" name="com.ecommerceDomain.Scripts.TestCase1" time="7.168" errors="0" timestamp="2022-08-22T19:05:59 IST" skipped="0">
  <testcase classname="com.ecommerceDomain.Scripts.TestCase1" name="testcase1" time="7.168"/>
  <system-out/>
</testsuite> <!-- com.ecommerceDomain.Scripts.TestCase1 -->
